06:51:38.961129 | Loaded Cogs.cog_events
06:51:38.962418 | Loaded Cogs.cog_user
06:51:38.962939 | Loaded Cogs.cog_role
06:51:38.966026 | Failed to load Cogs.cog_moderation: Extension 'Cogs.cog_moderation' raised an error: CommandAlreadyRegistered: Command 'moduser' already registered.
06:51:39.068290 | Loaded Cogs.cog_warframe
06:51:39.070744 | Loaded Cogs.cog_admin
06:51:39.772339 | translated from "sudo" to "sudo"
06:51:39.816764 | translated from "commandes admin" to "admin commands"
06:51:39.859190 | translated from "sudo" to "sudo"
06:51:39.907747 | translated from "commandes admin" to "admin commands"
06:51:39.945865 | translated from "get_all_emojis" to "get_all_emojis"
06:51:39.995842 | translated from "renvoie tous les emojis que le bot voit" to "returns all emojis the bot sees"
06:51:40.038541 | translated from "get_all_emojis" to "get_all_emojis"
06:51:40.085441 | translated from "renvoie tous les emojis que le bot voit" to "returns all emojis the bot sees"
06:51:40.126994 | translated from "get_badges" to "get_badges"
06:51:40.167436 | translated from "test" to "test"
06:51:40.206327 | translated from "get_badges" to "get_badges"
06:51:40.259784 | translated from "test" to "test"
06:51:40.300784 | translated from "user" to "user"
06:51:40.339634 | translated from "…" to "…"
06:51:40.379436 | translated from "user" to "user"
06:51:40.419457 | translated from "…" to "…"
06:51:40.635740 | translated from "ping" to "ping"
06:51:40.676023 | translated from "pong ! 🏓" to "pong ! 🏓"
06:51:40.727810 | translated from "ping" to "ping"
06:51:40.802304 | translated from "pong ! 🏓" to "pong ! 🏓"
06:51:40.841487 | translated from "bot_info" to "bot_info"
06:51:40.885488 | translated from "permet d'obtenir les infos du bot" to "allows you to obtain bot information"
06:51:40.928237 | translated from "bot_info" to "bot_info"
06:51:40.965811 | translated from "permet d'obtenir les infos du bot" to "allows you to obtain bot information"
06:51:41.003009 | translated from "help" to "help"
06:51:41.047027 | translated from "commande d'aide" to "help command"
06:51:41.085044 | translated from "help" to "help"
06:51:41.128916 | translated from "commande d'aide" to "help command"
06:51:41.168654 | translated from "command" to "command"
06:51:41.207934 | translated from "…" to "…"
06:51:41.248006 | translated from "command" to "command"
06:51:41.285373 | translated from "…" to "…"
06:51:41.323210 | translated from "ephemeral" to "ephemeral"
06:51:41.361627 | translated from "…" to "…"
06:51:41.401464 | translated from "ephemeral" to "ephemeral"
06:51:41.445137 | translated from "…" to "…"
06:51:41.500335 | translated from "random-joke" to "random-joke"
06:51:41.548663 | translated from "envoie une blague au hasard parmi une sélection" to "send a random joke from a selection"
06:51:41.585899 | translated from "random-joke" to "random-joke"
06:51:41.632232 | translated from "envoie une blague au hasard parmi une sélection" to "send a random joke from a selection"
06:51:41.674113 | translated from "specific-joke" to "specific-joke"
06:51:41.713910 | translated from "envoie une blague d'un type spécifique" to "send a joke of a specific type"
06:51:41.753815 | translated from "specific-joke" to "specific-joke"
06:51:41.803781 | translated from "envoie une blague d'un type spécifique" to "send a joke of a specific type"
06:51:41.862239 | translated from "blaguetype" to "blaguetype"
06:51:41.899640 | translated from "…" to "…"
06:51:41.950434 | translated from "blaguetype" to "blaguetype"
06:51:41.989576 | translated from "…" to "…"
06:51:42.030330 | translated from "blague beauf" to "beauf joke"
06:51:42.073296 | translated from "blague beauf" to "beauf joke"
06:51:42.137930 | translated from "blague blondes" to "blonde joke"
06:51:42.179048 | translated from "blague blondes" to "blonde joke"
06:51:42.256275 | translated from "blague dark" to "blague dark"
06:51:42.295230 | translated from "blague dark" to "blague dark"
06:51:42.345762 | translated from "blague dev" to "joke dev"
06:51:42.390276 | translated from "blague dev" to "joke dev"
06:51:42.438758 | translated from "blague global" to "global joke"
06:51:42.476561 | translated from "blague global" to "global joke"
06:51:42.515473 | translated from "blague limit" to "joke limit"
06:51:42.555692 | translated from "blague limit" to "joke limit"
06:51:42.591415 | translated from "spotify-send-track" to "spotify-send-track"
06:51:42.638553 | translated from "envoie la musique écouté sur Spotify" to "send the music listened to on Spotify"
06:51:42.671506 | translated from "spotify-send-track" to "spotify-send-track"
06:51:42.715272 | translated from "envoie la musique écouté sur Spotify" to "send the music listened to on Spotify"
06:51:42.755626 | translated from "get_partner_invite" to "get_partner_invite"
06:51:42.802811 | translated from "permet d'obtenir l'accès à un serveur partenaire" to "allows you to gain access to a partner server"
06:51:42.841317 | translated from "get_partner_invite" to "get_partner_invite"
06:51:42.894915 | translated from "permet d'obtenir l'accès à un serveur partenaire" to "allows you to gain access to a partner server"
06:51:42.936969 | translated from "serveur" to "server"
06:51:42.975821 | translated from "…" to "…"
06:51:43.017102 | translated from "serveur" to "server"
06:51:43.057474 | translated from "…" to "…"
06:51:43.094364 | translated from "role" to "role"
06:51:43.143691 | translated from "gestion de votre rôle" to "managing your role"
06:51:43.184023 | translated from "role" to "role"
06:51:43.232371 | translated from "gestion de votre rôle" to "managing your role"
06:51:43.269684 | translated from "config" to "config"
06:51:43.316678 | translated from "configuration de systèmes du serveur" to "server systems configuration"
06:51:43.358462 | translated from "config" to "config"
06:51:43.400616 | translated from "configuration de systèmes du serveur" to "server systems configuration"
06:51:43.442979 | translated from "public" to "public"
06:51:43.498776 | translated from "voulez vous que le serveur soit public ?" to "do you want the server to be public?"
06:51:43.544548 | translated from "public" to "public"
06:51:43.583806 | translated from "voulez vous que le serveur soit public ?" to "do you want the server to be public?"
06:51:43.623844 | translated from "public" to "public"
06:51:43.666834 | translated from "…" to "…"
06:51:43.706456 | translated from "public" to "public"
06:51:43.744192 | translated from "…" to "…"
06:51:43.777114 | translated from "word-react" to "word-react"
06:51:43.821971 | translated from "Configuration du système de reactions de mots" to "Setting up the word reaction system"
06:51:43.856668 | translated from "word-react" to "word-react"
06:51:43.899616 | translated from "Configuration du système de reactions de mots" to "Setting up the word reaction system"
06:51:43.932556 | translated from "enabled" to "enabled"
06:51:43.972429 | translated from "…" to "…"
06:51:44.021846 | translated from "enabled" to "enabled"
06:51:44.071713 | translated from "…" to "…"
06:51:44.110546 | translated from "welcome" to "welcome"
06:51:44.153195 | translated from "Configuration du système de bienvenue" to "Welcome system configuration"
06:51:44.196587 | translated from "welcome" to "welcome"
06:51:44.240182 | translated from "Configuration du système de bienvenue" to "Welcome system configuration"
06:51:44.278373 | translated from "chat" to "chat"
06:51:44.319188 | translated from "…" to "…"
06:51:44.364316 | translated from "chat" to "chat"
06:51:44.404339 | translated from "…" to "…"
06:51:44.445447 | translated from "Salon de bienvenue" to "Welcome lounge"
06:51:44.486136 | translated from "Salon de bienvenue" to "Welcome lounge"
06:51:44.529384 | translated from "Message de bienvenue" to "Welcome message"
06:51:44.569640 | translated from "Message de bienvenue" to "Welcome message"
06:51:44.614524 | translated from "Définir les deux" to "Define both"
06:51:44.651709 | translated from "Définir les deux" to "Define both"
06:51:44.694002 | translated from "activé" to "activated"
06:51:44.733267 | translated from "…" to "…"
06:51:44.775741 | translated from "activé" to "activated"
06:51:44.819151 | translated from "…" to "…"
06:51:44.869551 | translated from "image" to "image"
06:51:44.911240 | translated from "…" to "…"
06:51:44.951806 | translated from "image" to "image"
06:51:44.984807 | translated from "…" to "…"
06:51:45.025357 | translated from "goodbye" to "goodbye"
06:51:45.068734 | translated from "Configuration du système de départs" to "Configuration of the departure system"
06:51:45.111372 | translated from "goodbye" to "goodbye"
06:51:45.161798 | translated from "Configuration du système de départs" to "Configuration of the departure system"
06:51:45.204204 | translated from "chat" to "chat"
06:51:45.238615 | translated from "…" to "…"
06:51:45.278061 | translated from "chat" to "chat"
06:51:45.316786 | translated from "…" to "…"
06:51:45.364424 | translated from "Salon de départ" to "Departure lounge"
06:51:45.407855 | translated from "Salon de départ" to "Departure lounge"
06:51:45.456681 | translated from "Message de départ" to "Starting message"
06:51:45.517978 | translated from "Message de départ" to "Starting message"
06:51:45.565515 | translated from "Définir les deux" to "Define both"
06:51:45.609521 | translated from "Définir les deux" to "Define both"
06:51:45.658556 | translated from "activé" to "activated"
06:51:45.700892 | translated from "…" to "…"
06:51:45.736738 | translated from "activé" to "activated"
06:51:45.773690 | translated from "…" to "…"
06:51:45.818838 | translated from "image" to "image"
06:51:45.860917 | translated from "…" to "…"
06:51:45.899613 | translated from "image" to "image"
06:51:45.935616 | translated from "…" to "…"
06:51:45.975709 | translated from "one-msg-chat" to "one-msg-chat"
06:51:46.028663 | translated from "configuration du chat autorisant un seul msg" to "chat configuration allowing a single message"
06:51:46.066891 | translated from "one-msg-chat" to "one-msg-chat"
06:51:46.127673 | translated from "configuration du chat autorisant un seul msg" to "chat configuration allowing a single message"
06:51:46.169185 | translated from "channel" to "channel"
06:51:46.206638 | translated from "…" to "…"
06:51:46.243663 | translated from "channel" to "channel"
06:51:46.283985 | translated from "…" to "…"
06:51:46.320705 | translated from "enabled" to "enabled"
06:51:46.359941 | translated from "…" to "…"
06:51:46.401869 | translated from "enabled" to "enabled"
06:51:46.440407 | translated from "…" to "…"
06:51:46.478430 | translated from "role" to "role"
06:51:46.514058 | translated from "…" to "…"
06:51:46.550540 | translated from "role" to "role"
06:51:46.591416 | translated from "…" to "…"
06:51:46.635862 | translated from "auto-role" to "auto-role"
06:51:46.678717 | translated from "configuration des rôles automatiques" to "configuration of automatic roles"
06:51:46.720753 | translated from "auto-role" to "auto-role"
06:51:46.762187 | translated from "configuration des rôles automatiques" to "configuration of automatic roles"
06:51:46.796327 | translated from "role_1" to "role_1"
06:51:46.829711 | translated from "…" to "…"
06:51:46.873940 | translated from "role_1" to "role_1"
06:51:46.914489 | translated from "…" to "…"
06:51:46.955879 | translated from "role_2" to "role_2"
06:51:46.989415 | translated from "…" to "…"
06:51:47.024480 | translated from "role_2" to "role_2"
06:51:47.052593 | translated from "…" to "…"
06:51:47.099743 | translated from "role_3" to "role_3"
06:51:47.143666 | translated from "…" to "…"
06:51:47.183450 | translated from "role_3" to "role_3"
06:51:47.220751 | translated from "…" to "…"
06:51:47.253697 | translated from "role_4" to "role_4"
06:51:47.291372 | translated from "…" to "…"
06:51:47.323840 | translated from "role_4" to "role_4"
06:51:47.356532 | translated from "…" to "…"
06:51:47.394560 | translated from "enabled" to "enabled"
06:51:47.436035 | translated from "…" to "…"
06:51:47.473147 | translated from "enabled" to "enabled"
06:51:47.513885 | translated from "…" to "…"
06:51:47.552609 | translated from "search" to "search"
06:51:47.602777 | translated from "groupe contenant les différentes commandes de recherche" to "group containing the different search commands"
06:51:47.645057 | translated from "search" to "search"
06:51:47.679416 | translated from "groupe contenant les différentes commandes de recherche" to "group containing the different search commands"
06:51:47.716534 | translated from "user" to "user"
06:51:47.764481 | translated from "configuration du profil des utilisateurs" to "user profile configuration"
06:51:47.798017 | translated from "user" to "user"
06:51:47.833417 | translated from "configuration du profil des utilisateurs" to "user profile configuration"
06:51:47.875244 | translated from "setup" to "setup"
06:51:47.916416 | translated from "configurez votre profil" to "configure your profile"
06:51:47.976930 | translated from "setup" to "setup"
06:51:48.014643 | translated from "configurez votre profil" to "configure your profile"
06:51:48.050966 | translated from "bio" to "bio"
06:51:48.087829 | translated from "…" to "…"
06:51:48.122165 | translated from "bio" to "bio"
06:51:48.156615 | translated from "…" to "…"
06:51:48.201277 | translated from "moduser" to "modes"
06:51:48.244537 | translated from "gestion des utilisateurs" to "user management"
06:51:48.291131 | translated from "moduser" to "modes"
06:51:48.329001 | translated from "gestion des utilisateurs" to "user management"
06:51:48.367398 | translated from "warframe" to "warframe"
06:51:48.410389 | translated from "commandes relatives au jeu Warframe" to "Warframe game controls"
06:51:48.444497 | translated from "warframe" to "warframe"
06:51:48.480993 | translated from "commandes relatives au jeu Warframe" to "Warframe game controls"
06:51:48.524426 | translated from "login" to "login"
06:51:48.570780 | translated from "connexion à Warframe.market" to "connection to Warframe.market"
06:51:48.610389 | translated from "login" to "login"
06:51:48.649846 | translated from "connexion à Warframe.market" to "connection to Warframe.market"
06:51:48.690465 | translated from "sudo" to "sudo"
06:51:48.736305 | translated from "commandes admin" to "admin commands"
06:51:48.775912 | translated from "sudo" to "sudo"
06:51:48.817803 | translated from "commandes admin" to "admin commands"
06:51:48.855085 | translated from "get_all_emojis" to "get_all_emojis"
06:51:48.894898 | translated from "renvoie tous les emojis que le bot voit" to "returns all emojis the bot sees"
06:51:48.927962 | translated from "get_all_emojis" to "get_all_emojis"
06:51:48.968403 | translated from "renvoie tous les emojis que le bot voit" to "returns all emojis the bot sees"
06:51:49.011295 | translated from "get_badges" to "get_badges"
06:51:49.049720 | translated from "test" to "test"
06:51:49.090544 | translated from "get_badges" to "get_badges"
06:51:49.130950 | translated from "test" to "test"
06:51:49.171403 | translated from "user" to "user"
06:51:49.203377 | translated from "…" to "…"
06:51:49.246510 | translated from "user" to "user"
06:51:49.286545 | translated from "…" to "…"
06:51:49.324786 | translated from "bread-chan" to "bread-chan"
06:51:49.374761 | translated from "commandes admin pour Bread Chan" to "admin commands for Bread Chan"
06:51:49.410942 | translated from "bread-chan" to "bread-chan"
06:51:49.453505 | translated from "commandes admin pour Bread Chan" to "admin commands for Bread Chan"
06:51:49.492001 | translated from "leave_guild" to "leave_guild"
06:51:49.536321 | translated from "Quitte un serveur spécifié" to "Leaves a specified server"
06:51:49.579556 | translated from "leave_guild" to "leave_guild"
06:51:49.622296 | translated from "Quitte un serveur spécifié" to "Leaves a specified server"
06:51:49.663934 | translated from "serveur" to "server"
06:51:49.703250 | translated from "…" to "…"
06:51:49.745282 | translated from "serveur" to "server"
06:51:49.779528 | translated from "…" to "…"
06:51:49.816064 | translated from "reboot" to "reboot"
06:51:49.858217 | translated from "redémarre le bot" to "restart the bot"
06:51:49.912496 | translated from "reboot" to "reboot"
06:51:49.951780 | translated from "redémarre le bot" to "restart the bot"
06:51:49.995292 | translated from "Say" to "Say"
06:51:50.040419 | translated from "Say" to "Say"
06:51:50.074135 | translated from "Profil" to "Profile"
06:51:50.115818 | translated from "Profil" to "Profile"
06:51:52.949596 | Connecté en tant que Bread Chan (ID: 1102573935658283038)
06:51:52.954584 | 1054 (42S22): Unknown column 'guild_id' in 'field list'08:19:20.003936 | Loaded Cogs.cog_events
08:19:20.005723 | Loaded Cogs.cog_user
08:19:20.006429 | Loaded Cogs.cog_role
08:19:20.009765 | Failed to load Cogs.cog_moderation: Extension 'Cogs.cog_moderation' raised an error: CommandAlreadyRegistered: Command 'moduser' already registered.
08:19:20.115631 | Loaded Cogs.cog_warframe
08:19:20.118453 | Loaded Cogs.cog_admin
08:19:20.702202 | translated from "sudo" to "sudo"
08:19:20.763355 | translated from "commandes admin" to "admin commands"
08:19:20.810199 | translated from "sudo" to "sudo"
08:19:20.860106 | translated from "commandes admin" to "admin commands"
08:19:20.897797 | translated from "get_all_emojis" to "get_all_emojis"
08:19:20.948351 | translated from "renvoie tous les emojis que le bot voit" to "returns all emojis the bot sees"
08:19:20.992966 | translated from "get_all_emojis" to "get_all_emojis"
08:19:21.039458 | translated from "renvoie tous les emojis que le bot voit" to "returns all emojis the bot sees"
08:19:21.078866 | translated from "get_badges" to "get_badges"
08:19:21.119821 | translated from "test" to "test"
08:19:21.168955 | translated from "get_badges" to "get_badges"
08:19:21.205631 | translated from "test" to "test"
08:19:21.253705 | translated from "user" to "user"
08:19:21.292462 | translated from "user" to "user"
08:19:21.515077 | translated from "ping" to "ping"
08:19:21.558763 | translated from "pong ! 🏓" to "pong ! 🏓"
08:19:21.599610 | translated from "ping" to "ping"
08:19:21.642444 | translated from "pong ! 🏓" to "pong ! 🏓"
08:19:21.695844 | translated from "bot_info" to "bot_info"
08:19:21.754134 | translated from "permet d'obtenir les infos du bot" to "allows you to obtain bot information"
08:19:21.795003 | translated from "bot_info" to "bot_info"
08:19:21.846668 | translated from "permet d'obtenir les infos du bot" to "allows you to obtain bot information"
08:19:21.886876 | translated from "help" to "help"
08:19:21.934278 | translated from "commande d'aide" to "help command"
08:19:21.974045 | translated from "help" to "help"
08:19:22.020001 | translated from "commande d'aide" to "help command"
08:19:22.060656 | translated from "command" to "command"
08:19:22.104536 | translated from "command" to "command"
08:19:22.146034 | translated from "ephemeral" to "ephemeral"
08:19:22.190058 | translated from "ephemeral" to "ephemeral"
08:19:22.230373 | translated from "random-joke" to "random-joke"
08:19:22.290542 | translated from "envoie une blague au hasard parmi une sélection" to "send a random joke from a selection"
08:19:22.328839 | translated from "random-joke" to "random-joke"
08:19:22.390623 | translated from "envoie une blague au hasard parmi une sélection" to "send a random joke from a selection"
08:19:22.436402 | translated from "specific-joke" to "specific-joke"
08:19:22.497401 | translated from "envoie une blague d'un type spécifique" to "send a joke of a specific type"
08:19:22.532710 | translated from "specific-joke" to "specific-joke"
08:19:22.585422 | translated from "envoie une blague d'un type spécifique" to "send a joke of a specific type"
08:19:22.624238 | translated from "blaguetype" to "blaguetype"
08:19:22.666705 | translated from "blaguetype" to "blaguetype"
08:19:22.716647 | translated from "blague beauf" to "beauf joke"
08:19:22.764649 | translated from "blague beauf" to "beauf joke"
08:19:22.824917 | translated from "blague blondes" to "blonde joke"
08:19:22.863836 | translated from "blague blondes" to "blonde joke"
08:19:22.901509 | translated from "blague dark" to "blague dark"
08:19:22.939810 | translated from "blague dark" to "blague dark"
08:19:22.979360 | translated from "blague dev" to "joke dev"
08:19:23.634591 | translated from "blague dev" to "joke dev"
08:19:23.684967 | translated from "blague global" to "global joke"
08:19:23.747411 | translated from "blague global" to "global joke"
08:19:23.797693 | translated from "blague limit" to "joke limit"
08:19:23.837478 | translated from "blague limit" to "joke limit"
08:19:23.875621 | translated from "spotify-send-track" to "spotify-send-track"
08:19:23.930195 | translated from "envoie la musique écouté sur Spotify" to "send the music listened to on Spotify"
08:19:23.969945 | translated from "spotify-send-track" to "spotify-send-track"
08:19:24.007407 | translated from "envoie la musique écouté sur Spotify" to "send the music listened to on Spotify"
08:19:24.044694 | translated from "get_partner_invite" to "get_partner_invite"
08:19:24.091831 | translated from "permet d'obtenir l'accès à un serveur partenaire" to "allows you to gain access to a partner server"
08:19:24.133387 | translated from "get_partner_invite" to "get_partner_invite"
08:19:24.171128 | translated from "permet d'obtenir l'accès à un serveur partenaire" to "allows you to gain access to a partner server"
08:19:24.228342 | translated from "serveur" to "server"
08:19:24.268443 | translated from "serveur" to "server"
08:19:24.308737 | translated from "role" to "role"
08:19:24.359201 | translated from "gestion de votre rôle" to "managing your role"
08:19:24.398932 | translated from "role" to "role"
08:19:24.436895 | translated from "gestion de votre rôle" to "managing your role"
08:19:24.475039 | translated from "config" to "config"
08:19:24.525977 | translated from "configuration de systèmes du serveur" to "server systems configuration"
08:19:24.570791 | translated from "config" to "config"
08:19:24.618794 | translated from "configuration de systèmes du serveur" to "server systems configuration"
08:19:24.667989 | translated from "public" to "public"
08:19:24.712010 | translated from "voulez vous que le serveur soit public ?" to "do you want the server to be public?"
08:19:24.754804 | translated from "public" to "public"
08:19:24.795622 | translated from "voulez vous que le serveur soit public ?" to "do you want the server to be public?"
08:19:24.852545 | translated from "public" to "public"
08:19:24.894692 | translated from "public" to "public"
08:19:24.925785 | translated from "word-react" to "word-react"
08:19:24.980946 | translated from "Configuration du système de reactions de mots" to "Setting up the word reaction system"
08:19:25.022176 | translated from "word-react" to "word-react"
08:19:25.065507 | translated from "Configuration du système de reactions de mots" to "Setting up the word reaction system"
08:19:25.103584 | translated from "enabled" to "enabled"
08:19:25.147412 | translated from "enabled" to "enabled"
08:19:25.186781 | translated from "welcome" to "welcome"
08:19:25.239250 | translated from "Configuration du système de bienvenue" to "Welcome system configuration"
08:19:25.278427 | translated from "welcome" to "welcome"
08:19:25.316186 | translated from "Configuration du système de bienvenue" to "Welcome system configuration"
08:19:25.371421 | translated from "chat" to "chat"
08:19:25.411691 | translated from "chat" to "chat"
08:19:25.451220 | translated from "Salon de bienvenue" to "Welcome lounge"
08:19:25.496353 | translated from "Salon de bienvenue" to "Welcome lounge"
08:19:25.537844 | translated from "Message de bienvenue" to "Welcome message"
08:19:25.582230 | translated from "Message de bienvenue" to "Welcome message"
08:19:25.626526 | translated from "Définir les deux" to "Define both"
08:19:25.669218 | translated from "Définir les deux" to "Define both"
08:19:25.727945 | translated from "activé" to "activated"
08:19:25.768753 | translated from "activé" to "activated"
08:19:25.807132 | translated from "image" to "image"
08:19:25.861959 | translated from "image" to "image"
08:19:25.904934 | translated from "goodbye" to "goodbye"
08:19:25.946233 | translated from "Configuration du système de départs" to "Configuration of the departure system"
08:19:25.991229 | translated from "goodbye" to "goodbye"
08:19:26.033191 | translated from "Configuration du système de départs" to "Configuration of the departure system"
08:19:26.071602 | translated from "chat" to "chat"
08:19:26.112880 | translated from "chat" to "chat"
08:19:26.167174 | translated from "Salon de départ" to "Departure lounge"
08:19:26.208964 | translated from "Salon de départ" to "Departure lounge"
08:19:26.251626 | translated from "Message de départ" to "Starting message"
08:19:26.290041 | translated from "Message de départ" to "Starting message"
08:19:26.331273 | translated from "Définir les deux" to "Define both"
08:19:26.372626 | translated from "Définir les deux" to "Define both"
08:19:26.411282 | translated from "activé" to "activated"
08:19:26.456433 | translated from "activé" to "activated"
08:19:26.494222 | translated from "image" to "image"
08:19:26.531535 | translated from "image" to "image"
08:19:26.576072 | translated from "one-msg-chat" to "one-msg-chat"
08:19:26.627065 | translated from "configuration du chat autorisant un seul msg" to "chat configuration allowing a single message"
08:19:26.666040 | translated from "one-msg-chat" to "one-msg-chat"
08:19:26.705227 | translated from "configuration du chat autorisant un seul msg" to "chat configuration allowing a single message"
08:19:26.746987 | translated from "channel" to "channel"
08:19:26.780321 | translated from "channel" to "channel"
08:19:26.816882 | translated from "enabled" to "enabled"
08:19:26.859606 | translated from "enabled" to "enabled"
08:19:26.906071 | translated from "role" to "role"
08:19:26.945972 | translated from "role" to "role"
08:19:26.984590 | translated from "auto-role" to "auto-role"
08:19:27.027740 | translated from "configuration des rôles automatiques" to "configuration of automatic roles"
08:19:27.071784 | translated from "auto-role" to "auto-role"
08:19:27.221457 | translated from "configuration des rôles automatiques" to "configuration of automatic roles"
08:19:27.259058 | translated from "role_1" to "role_1"
08:19:27.311621 | translated from "role_1" to "role_1"
08:19:27.350512 | translated from "role_2" to "role_2"
08:19:27.393049 | translated from "role_2" to "role_2"
08:19:27.431953 | translated from "role_3" to "role_3"
08:19:27.475453 | translated from "role_3" to "role_3"
08:19:27.527078 | translated from "role_4" to "role_4"
08:19:27.571961 | translated from "role_4" to "role_4"
08:19:27.609617 | translated from "enabled" to "enabled"
08:19:27.649828 | translated from "enabled" to "enabled"
08:19:27.692817 | translated from "search" to "search"
08:19:27.738154 | translated from "groupe contenant les différentes commandes de recherche" to "group containing the different search commands"
08:19:27.778817 | translated from "search" to "search"
08:19:27.816083 | translated from "groupe contenant les différentes commandes de recherche" to "group containing the different search commands"
08:19:27.856070 | translated from "user" to "user"
08:19:27.904114 | translated from "configuration du profil des utilisateurs" to "user profile configuration"
08:19:27.939348 | translated from "user" to "user"
08:19:27.980312 | translated from "configuration du profil des utilisateurs" to "user profile configuration"
08:19:28.022284 | translated from "setup" to "setup"
08:19:28.078887 | translated from "configurez votre profil" to "configure your profile"
08:19:28.120519 | translated from "setup" to "setup"
08:19:28.157268 | translated from "configurez votre profil" to "configure your profile"
08:19:28.190536 | translated from "bio" to "bio"
08:19:28.233294 | translated from "bio" to "bio"
08:19:28.279813 | translated from "moduser" to "modes"
08:19:28.320723 | translated from "gestion des utilisateurs" to "user management"
08:19:28.366521 | translated from "moduser" to "modes"
08:19:28.402195 | translated from "gestion des utilisateurs" to "user management"
08:19:28.440221 | translated from "warframe" to "warframe"
08:19:28.487539 | translated from "commandes relatives au jeu Warframe" to "Warframe game controls"
08:19:28.526865 | translated from "warframe" to "warframe"
08:19:28.569923 | translated from "commandes relatives au jeu Warframe" to "Warframe game controls"
08:19:28.621376 | translated from "login" to "login"
08:19:28.673289 | translated from "connexion à Warframe.market" to "connection to Warframe.market"
08:19:28.713929 | translated from "login" to "login"
08:19:28.747100 | translated from "connexion à Warframe.market" to "connection to Warframe.market"
08:19:28.783134 | translated from "sudo" to "sudo"
08:19:28.822330 | translated from "commandes admin" to "admin commands"
08:19:28.864963 | translated from "sudo" to "sudo"
08:19:28.906836 | translated from "commandes admin" to "admin commands"
08:19:28.946826 | translated from "get_all_emojis" to "get_all_emojis"
08:19:28.985143 | translated from "renvoie tous les emojis que le bot voit" to "returns all emojis the bot sees"
08:19:29.023652 | translated from "get_all_emojis" to "get_all_emojis"
08:19:29.062876 | translated from "renvoie tous les emojis que le bot voit" to "returns all emojis the bot sees"
08:19:29.138817 | translated from "get_badges" to "get_badges"
08:19:29.182104 | translated from "test" to "test"
08:19:29.228443 | translated from "get_badges" to "get_badges"
08:19:29.268283 | translated from "test" to "test"
08:19:29.306825 | translated from "user" to "user"
08:19:29.347858 | translated from "user" to "user"
08:19:29.415291 | translated from "bread-chan" to "bread-chan"
08:19:29.459511 | translated from "commandes admin pour Bread Chan" to "admin commands for Bread Chan"
08:19:29.492880 | translated from "bread-chan" to "bread-chan"
08:19:29.531003 | translated from "commandes admin pour Bread Chan" to "admin commands for Bread Chan"
08:19:29.565152 | translated from "leave_guild" to "leave_guild"
08:19:29.611129 | translated from "Quitte un serveur spécifié" to "Leaves a specified server"
08:19:29.648716 | translated from "leave_guild" to "leave_guild"
08:19:29.696538 | translated from "Quitte un serveur spécifié" to "Leaves a specified server"
08:19:29.741370 | translated from "serveur" to "server"
08:19:29.780711 | translated from "serveur" to "server"
08:19:29.814223 | translated from "reboot" to "reboot"
08:19:29.866068 | translated from "redémarre le bot" to "restart the bot"
08:19:29.909705 | translated from "reboot" to "reboot"
08:19:29.984062 | translated from "redémarre le bot" to "restart the bot"
08:19:30.113255 | translated from "Say" to "Say"
08:19:30.151046 | translated from "Say" to "Say"
08:19:30.193665 | translated from "Profil" to "Profile"
08:19:30.230484 | translated from "Profil" to "Profile"
08:19:33.009656 | Connecté en tant que Bread Chan (ID: 1102573935658283038)
08:19:33.015227 | 1054 (42S22): Unknown column 'guild_id' in 'field list'
12:14:47.261706 | Loaded Cogs.cog_events
12:14:47.263061 | Loaded Cogs.cog_user
12:14:47.263542 | Loaded Cogs.cog_role
12:14:47.266660 | Failed to load Cogs.cog_moderation: Extension 'Cogs.cog_moderation' raised an error: CommandAlreadyRegistered: Command 'moduser' already registered.
12:14:47.372650 | Loaded Cogs.cog_warframe
12:14:47.375181 | Loaded Cogs.cog_admin
12:14:47.960339 | translated from "commandes admin" to "admin commands"
12:14:48.053496 | translated from "commandes admin" to "admin commands"
12:14:48.242664 | translated from "commandes admin" to "администраторски команди"
12:14:48.242804 | invalid destination language
12:14:48.242886 | invalid destination language
12:14:48.242970 | invalid destination language
12:14:48.243046 | invalid destination language
12:14:48.393616 | translated from "commandes admin" to "administratorske naredbe"
12:14:48.659232 | translated from "commandes admin" to "admin příkazy"
12:14:48.830637 | translated from "commandes admin" to "perintah admin"
12:14:49.048643 | translated from "commandes admin" to "admin kommandoer"
12:14:49.202697 | translated from "commandes admin" to "beheerdersopdrachten"
12:14:49.416939 | translated from "commandes admin" to "admin komennot"
12:14:49.653599 | translated from "sudo" to "Sudo"
12:14:49.741006 | translated from "commandes admin" to "Admin-Befehle"
12:14:49.860884 | translated from "commandes admin" to "εντολές διαχειριστή"
12:14:49.974926 | translated from "sudo" to "सूडो"
12:14:50.092067 | translated from "commandes admin" to "व्यवस्थापक आदेश"
12:14:50.214620 | translated from "commandes admin" to "admin parancsok"
12:14:50.428350 | translated from "commandes admin" to "comandi di amministrazione"
12:14:50.478951 | translated from "sudo" to "須藤"
12:14:50.584067 | translated from "commandes admin" to "管理コマンド"
12:14:50.813364 | translated from "commandes admin" to "관리자 명령"
12:14:50.928049 | translated from "commandes admin" to "comandos de administrador"
12:14:51.058112 | translated from "commandes admin" to "admin komandos"
12:14:51.216907 | translated from "commandes admin" to "admin kommandoer"
12:14:51.367016 | translated from "commandes admin" to "polecenia administratora"
12:14:51.603646 | translated from "commandes admin" to "comandos de administrador"
12:14:51.778535 | translated from "commandes admin" to "comenzi admin"
12:14:51.833906 | translated from "sudo" to "судо"
12:14:51.961165 | translated from "commandes admin" to "команды администратора"
12:14:52.041143 | translated from "commandes admin" to "comandos de administrador"
12:14:52.216467 | translated from "commandes admin" to "admin kommandon"
12:14:52.267007 | translated from "sudo" to "ซูโดะ"
12:14:52.322427 | translated from "commandes admin" to "คำสั่งของผู้ดูแลระบบ"
12:14:52.444020 | translated from "commandes admin" to "yönetici komutları"
12:14:52.576339 | translated from "commandes admin" to "команди адміністратора"
12:14:52.785434 | translated from "commandes admin" to "lệnh quản trị"
12:14:52.876022 | translated from "renvoie tous les emojis que le bot voit" to "returns all emojis the bot sees"
12:14:52.987990 | translated from "renvoie tous les emojis que le bot voit" to "returns all emojis the bot sees"
12:14:53.183914 | translated from "renvoie tous les emojis que le bot voit" to "връща всички емотикони, които ботът вижда"
12:14:53.184297 | invalid destination language
12:14:53.184502 | invalid destination language
12:14:53.184684 | invalid destination language
12:14:53.184862 | invalid destination language
12:14:53.286306 | translated from "get_all_emojis" to "dobiti_sve_emojije"
12:14:53.401009 | translated from "renvoie tous les emojis que le bot voit" to "vraća sve emojije koje bot vidi"
12:14:53.615106 | translated from "renvoie tous les emojis que le bot voit" to "vrátí všechny emotikony, které robot vidí"
12:14:53.770470 | translated from "get_all_emojis" to "dapatkan_semua_emoji"
12:14:53.884214 | translated from "renvoie tous les emojis que le bot voit" to "mengembalikan semua emoji yang dilihat bot"
12:14:53.971876 | translated from "get_all_emojis" to "få_alle_emojis"
12:14:54.086208 | translated from "renvoie tous les emojis que le bot voit" to "returnerer alle emojis, som botten ser"
12:14:54.150042 | translated from "get_all_emojis" to "haal_alle_emoji's"
12:14:54.264024 | translated from "renvoie tous les emojis que le bot voit" to "retourneert alle emoji's die de bot ziet"
12:14:54.449374 | translated from "renvoie tous les emojis que le bot voit" to "palauttaa kaikki emojit, jotka botti näkee"
12:14:54.738356 | translated from "renvoie tous les emojis que le bot voit" to "Gibt alle Emojis zurück, die der Bot sieht"
12:14:54.913391 | translated from "renvoie tous les emojis que le bot voit" to "επιστρέφει όλα τα emoji που βλέπει το bot"
12:14:55.023192 | translated from "get_all_emojis" to "सभी_इमोजी प्राप्त करें"
12:14:55.125395 | translated from "renvoie tous les emojis que le bot voit" to "बॉट द्वारा देखे गए सभी इमोजी लौटाता है"
12:14:55.290925 | translated from "renvoie tous les emojis que le bot voit" to "visszaadja az összes hangulatjelet, amit a bot lát"
12:14:55.417103 | translated from "get_all_emojis" to "get_all_emoji"
12:14:55.540812 | translated from "renvoie tous les emojis que le bot voit" to "restituisce tutti gli emoji visti dal bot"
12:14:55.619350 | translated from "get_all_emojis" to "すべての絵文字を取得"
12:14:55.713357 | translated from "renvoie tous les emojis que le bot voit" to "ボットが認識するすべての絵文字を返します"
12:14:55.971790 | translated from "renvoie tous les emojis que le bot voit" to "봇이 보는 모든 이모티콘을 반환합니다."
12:14:56.036748 | translated from "get_all_emojis" to "obtener_todos_emojis"
12:14:56.109897 | translated from "renvoie tous les emojis que le bot voit" to "devuelve todos los emojis que ve el bot"
12:14:56.259137 | translated from "renvoie tous les emojis que le bot voit" to "grąžina visas jaustukus, kuriuos mato robotas"
12:14:56.443484 | translated from "renvoie tous les emojis que le bot voit" to "returnerer alle emojiene boten ser"
12:14:56.557029 | translated from "get_all_emojis" to "get_all_emoji"
12:14:56.672156 | translated from "renvoie tous les emojis que le bot voit" to "zwraca wszystkie emotikony, które widzi bot"
12:14:56.838456 | translated from "renvoie tous les emojis que le bot voit" to "retorna todos os emojis que o bot vê"
12:14:56.938641 | translated from "get_all_emojis" to "obține_toate_emoji-urile"
12:14:57.050975 | translated from "renvoie tous les emojis que le bot voit" to "returnează toate emoji-urile pe care le vede botul"
12:14:57.223952 | translated from "renvoie tous les emojis que le bot voit" to "возвращает все смайлы, которые видит бот"
12:14:57.264081 | translated from "get_all_emojis" to "obtener_todos_emojis"
12:14:57.311336 | translated from "renvoie tous les emojis que le bot voit" to "devuelve todos los emojis que ve el bot"
12:14:57.480455 | translated from "renvoie tous les emojis que le bot voit" to "returnerar alla emojis som boten ser"
12:14:57.693275 | translated from "renvoie tous les emojis que le bot voit" to "ส่งคืนอิโมจิทั้งหมดที่บอทเห็น"
12:14:57.793099 | translated from "get_all_emojis" to "get_all_emojiler"
12:14:57.895302 | translated from "renvoie tous les emojis que le bot voit" to "botun gördüğü tüm emojileri döndürür"
12:14:58.044550 | translated from "renvoie tous les emojis que le bot voit" to "повертає всі емодзі, які бачить бот"
12:14:58.127110 | translated from "get_all_emojis" to "get_all_emoji"
12:14:58.242178 | translated from "renvoie tous les emojis que le bot voit" to "trả về tất cả biểu tượng cảm xúc mà bot nhìn thấy"
12:14:58.574924 | translated from "test" to "тест"
12:14:58.575519 | invalid destination language
12:14:58.575892 | invalid destination language
12:14:58.576246 | invalid destination language
12:14:58.576622 | invalid destination language
12:14:58.655056 | translated from "get_badges" to "dobiti_značke"
12:14:58.803662 | translated from "get_badges" to "získat_odznaky"
12:14:58.961639 | translated from "get_badges" to "dapatkan_lencana"
12:14:59.050175 | translated from "test" to "tes"
12:14:59.184095 | translated from "test" to "prøve"
12:14:59.287205 | translated from "get_badges" to "krijg_badges"
12:14:59.496256 | translated from "test" to "testata"
12:14:59.767269 | translated from "test" to "prüfen"
12:14:59.900709 | translated from "test" to "δοκιμή"
12:15:00.030318 | translated from "get_badges" to "बैज प्राप्त करें"
12:15:00.053140 | translated from "test" to "परीक्षा"
12:15:00.141584 | translated from "get_badges" to "kap_jelvényeket"
12:15:00.169369 | translated from "test" to "teszt"
12:15:00.268541 | translated from "get_badges" to "get_badge"
12:15:00.426388 | translated from "get_badges" to "バッジを取得する"
12:15:00.465960 | translated from "test" to "テスト"
12:15:00.608417 | translated from "test" to "시험"
12:15:00.689532 | translated from "get_badges" to "obtener_badges"
12:15:00.734962 | translated from "test" to "prueba"
12:15:00.804595 | translated from "get_badges" to "gauti_ženklelius"
12:15:00.856735 | translated from "test" to "bandymas"
12:15:00.980381 | translated from "get_badges" to "få_merker"
12:15:01.303654 | translated from "test" to "teste"
12:15:01.644789 | translated from "test" to "тест"
12:15:01.682783 | translated from "get_badges" to "obtener_badges"
12:15:01.726472 | translated from "test" to "prueba"
12:15:01.817709 | translated from "test" to "testa"
12:15:01.922487 | translated from "test" to "ทดสอบ"
12:15:02.271084 | translated from "test" to "тест"
12:15:02.409016 | translated from "test" to "Bài kiểm tra"
12:15:02.549401 | translated from "user" to "потребител"
12:15:02.549824 | invalid destination language
12:15:02.550067 | invalid destination language
12:15:02.611625 | translated from "user" to "korisnik"
12:15:02.654246 | translated from "user" to "uživatel"
12:15:02.694315 | translated from "user" to "pengguna"
12:15:02.766680 | translated from "user" to "bruger"
12:15:02.848389 | translated from "user" to "gebruiker"
12:15:02.889655 | translated from "user" to "käyttäjä"
12:15:02.942199 | translated from "user" to "utilisateur"
12:15:02.984573 | translated from "user" to "Benutzer"
12:15:03.022137 | translated from "user" to "μεταχειριζόμενος"
12:15:03.076280 | translated from "user" to "उपयोगकर्ता"
12:15:03.116675 | translated from "user" to "felhasználó"
12:15:03.157968 | translated from "user" to "utente"
12:15:03.247303 | translated from "user" to "ユーザー"
12:15:03.312243 | translated from "user" to "사용자"
12:15:03.361902 | translated from "user" to "usuario"
12:15:03.419551 | translated from "user" to "naudotojas"
12:15:03.511678 | translated from "user" to "bruker"
12:15:03.560473 | translated from "user" to "użytkownik"
12:15:03.610253 | translated from "user" to "usuário"
12:15:03.667730 | translated from "user" to "utilizator"
12:15:03.704570 | translated from "user" to "пользователь"
12:15:03.742409 | translated from "user" to "usuario"
12:15:03.782555 | translated from "user" to "användare"
12:15:03.828849 | translated from "user" to "ผู้ใช้"
12:15:03.885748 | translated from "user" to "kullanıcı"
12:15:03.973884 | translated from "user" to "користувача"
12:15:04.018147 | translated from "user" to "người dùng"
12:15:55.428189 | Loaded Cogs.cog_events
12:15:55.429657 | Loaded Cogs.cog_user
12:15:55.430281 | Loaded Cogs.cog_role
12:15:55.433469 | Failed to load Cogs.cog_moderation: Extension 'Cogs.cog_moderation' raised an error: CommandAlreadyRegistered: Command 'moduser' already registered.
12:15:55.538651 | Loaded Cogs.cog_warframe
12:15:55.541241 | Loaded Cogs.cog_admin
12:15:59.160620 | Connecté en tant que Bread Chan (ID: 1102573935658283038)
12:15:59.166102 | 1054 (42S22): Unknown column 'guild_id' in 'field list'
20:38:42.804209 | Loaded Cogs.cog_events
20:38:42.805505 | Loaded Cogs.cog_user
20:38:42.806019 | Loaded Cogs.cog_role
20:38:42.809095 | Failed to load Cogs.cog_moderation: Extension 'Cogs.cog_moderation' raised an error: CommandAlreadyRegistered: Command 'moduser' already registered.
20:38:42.911762 | Loaded Cogs.cog_warframe
20:38:42.914316 | Loaded Cogs.cog_admin
20:38:46.944882 | Connecté en tant que Bread Chan (ID: 1102573935658283038)
20:38:47.154050 | 1054 (42S22): Unknown column 'guild_id' in 'field list'
13:11:47.679405 | Loaded Cogs.cog_events
13:11:47.699622 | Loaded Cogs.cog_user
13:11:47.703613 | Loaded Cogs.cog_role
13:11:47.721043 | Failed to load Cogs.cog_moderation: Extension 'Cogs.cog_moderation' raised an error: CommandAlreadyRegistered: Command 'moduser' already registered.
13:11:48.179145 | Loaded Cogs.cog_warframe
13:11:48.195034 | Loaded Cogs.cog_admin
13:11:51.684076 | Connecté en tant que Bread Chan (ID: 1102573935658283038)
13:11:53.107834 | 1054 (42S22): Unknown column 'guild_id' in 'field list'
13:02:45.794039 | Connecté en tant que Bread Chan (ID: 1102573935658283038)
13:02:46.810006 | 1054 (42S22): Unknown column 'guild_id' in 'field list'
13:02:46.810441 | Task is already launched and is not completed.
14:30:23.458108 | Loaded Cogs.cog_events
14:30:23.478056 | Loaded Cogs.cog_user
14:30:23.490558 | Loaded Cogs.cog_role
14:30:23.508020 | Failed to load Cogs.cog_moderation: Extension 'Cogs.cog_moderation' raised an error: CommandAlreadyRegistered: Command 'moduser' already registered.
14:30:23.891613 | Loaded Cogs.cog_warframe
14:30:23.906930 | Loaded Cogs.cog_admin
14:30:27.676569 | Connecté en tant que Bread Chan (ID: 1102573935658283038)
14:30:27.917318 | 1054 (42S22): Unknown column 'guild_id' in 'field list'
06:51:53.851762 | Loaded Cogs.cog_events
06:51:53.870032 | Loaded Cogs.cog_user
06:51:53.883090 | Loaded Cogs.cog_role
06:51:53.886945 | Failed to load Cogs.cog_moderation: Extension 'Cogs.cog_moderation' raised an error: CommandAlreadyRegistered: Command 'moduser' already registered.
06:51:54.167173 | Loaded Cogs.cog_warframe
06:51:54.178463 | Loaded Cogs.cog_admin
06:51:57.641604 | Connecté en tant que Bread Chan (ID: 1102573935658283038)
06:51:57.763928 | 1054 (42S22): Unknown column 'guild_id' in 'field list'
06:53:20.855212 | Loaded Cogs.cog_events
06:53:20.856499 | Loaded Cogs.cog_user
06:53:20.857256 | Loaded Cogs.cog_role
06:53:20.860169 | Loaded Cogs.cog_moderation
06:53:20.966486 | Loaded Cogs.cog_warframe
06:53:20.968933 | Loaded Cogs.cog_admin
06:53:24.381587 | Connecté en tant que Bread Chan (ID: 1102573935658283038)
06:53:24.386676 | 1054 (42S22): Unknown column 'guild_id' in 'field list'
20:17:15.413001 | Connecté en tant que Bread Chan (ID: 1102573935658283038)
20:17:20.825936 | 1054 (42S22): Unknown column 'guild_id' in 'field list'
20:17:20.934331 | Task is already launched and is not completed.
